[2020-01-19T09:37:36.126] [DEBUG] cheese - login => username:zs,password:123456
[2020-01-19T09:37:36.129] [DEBUG] cheese - zs
[2020-01-19T09:37:36.144] [DEBUG] cheese - null
[2020-01-19T09:37:36.144] [DEBUG] cheese - null
[2020-01-19T09:37:45.423] [DEBUG] cheese - login => username:admin,password:123456
[2020-01-19T09:37:45.423] [DEBUG] cheese - admin
[2020-01-19T09:37:45.432] [DEBUG] cheese - null
[2020-01-19T09:37:45.432] [DEBUG] cheese - null
[2020-01-19T14:58:49.600] [DEBUG] cheese - login => username:admin,password:123456
[2020-01-19T14:58:49.602] [DEBUG] cheese - admin
[2020-01-19T14:58:49.617] [DEBUG] cheese - null
[2020-01-19T14:58:49.618] [DEBUG] cheese - null
[2020-01-19T14:59:44.235] [DEBUG] cheese - login => username:admin,password:123456
[2020-01-19T14:59:44.235] [DEBUG] cheese - admin
[2020-01-19T14:59:44.238] [DEBUG] cheese - null
[2020-01-19T14:59:44.239] [DEBUG] cheese - null
[2020-01-19T15:17:42.569] [DEBUG] cheese - login => username:admin,password:123456
[2020-01-19T15:17:42.570] [DEBUG] cheese - admin
[2020-01-19T15:17:42.574] [DEBUG] cheese - null
[2020-01-19T15:17:42.574] [DEBUG] cheese - null
[2020-01-19T15:18:22.727] [DEBUG] cheese - login => username:admin,password:123456
[2020-01-19T15:18:22.727] [DEBUG] cheese - admin
[2020-01-19T15:18:22.729] [DEBUG] cheese - null
[2020-01-19T15:18:22.729] [DEBUG] cheese - null
[2020-01-19T15:18:26.210] [DEBUG] cheese - login => username:admin,password:123456
[2020-01-19T15:18:26.210] [DEBUG] cheese - admin
[2020-01-19T15:18:26.213] [DEBUG] cheese - null
[2020-01-19T15:18:26.213] [DEBUG] cheese - null
[2020-01-19T15:18:28.096] [DEBUG] cheese - login => username:admina,password:123456
[2020-01-19T15:18:28.096] [DEBUG] cheese - admina
[2020-01-19T15:18:28.098] [DEBUG] cheese - null
[2020-01-19T15:18:28.098] [DEBUG] cheese - null
[2020-01-19T15:25:07.169] [DEBUG] cheese - login => username:admin,password:123456
[2020-01-19T15:25:07.170] [DEBUG] cheese - admin
[2020-01-19T15:25:07.172] [DEBUG] cheese - null
[2020-01-19T15:25:07.173] [DEBUG] cheese - null
[2020-01-19T15:26:31.579] [DEBUG] cheese - login => username:admin,password:123456d
[2020-01-19T15:26:31.579] [DEBUG] cheese - admin
[2020-01-19T15:26:31.581] [DEBUG] cheese - null
[2020-01-19T15:26:31.581] [DEBUG] cheese - null
[2020-01-19T15:26:34.835] [DEBUG] cheese - login => username:admin,password:123456d
[2020-01-19T15:26:34.835] [DEBUG] cheese - admin
[2020-01-19T15:26:34.836] [DEBUG] cheese - null
[2020-01-19T15:26:34.837] [DEBUG] cheese - null
[2020-01-19T15:26:35.293] [DEBUG] cheese - login => username:admin,password:123456d
[2020-01-19T15:26:35.293] [DEBUG] cheese - admin
[2020-01-19T15:26:35.296] [DEBUG] cheese - null
[2020-01-19T15:26:35.296] [DEBUG] cheese - null
[2020-01-19T15:26:40.302] [DEBUG] cheese - login => username:admin,password:123456
[2020-01-19T15:26:40.302] [DEBUG] cheese - admin
[2020-01-19T15:26:40.304] [DEBUG] cheese - null
[2020-01-19T15:26:40.304] [DEBUG] cheese - null
[2020-01-19T15:28:41.289] [DEBUG] cheese - login => username:admin,password:123456
[2020-01-19T15:28:41.289] [DEBUG] cheese - admin
[2020-01-19T15:28:41.291] [DEBUG] cheese - null
[2020-01-19T15:28:41.291] [DEBUG] cheese - null
[2020-01-19T15:29:36.110] [DEBUG] cheese - login => username:admin,password:123456
[2020-01-19T15:29:36.110] [DEBUG] cheese - admin
[2020-01-19T15:29:36.113] [DEBUG] cheese - null
[2020-01-19T15:29:36.113] [DEBUG] cheese - null
[2020-01-19T15:30:03.885] [DEBUG] cheese - login => username:admin,password:123456
[2020-01-19T15:30:03.885] [DEBUG] cheese - admin
[2020-01-19T15:30:03.888] [DEBUG] cheese - null
[2020-01-19T15:30:03.888] [DEBUG] cheese - null
[2020-01-19T15:42:40.236] [DEBUG] cheese - login => username:admin,password:123456
[2020-01-19T15:42:40.236] [DEBUG] cheese - admin
[2020-01-19T15:42:40.239] [DEBUG] cheese - null
[2020-01-19T15:42:40.239] [DEBUG] cheese - null
[2020-01-19T16:03:47.994] [DEBUG] cheese - login => username:admin,password:123456
[2020-01-19T16:03:47.994] [DEBUG] cheese - admin
[2020-01-19T16:03:47.997] [DEBUG] cheese - null
[2020-01-19T16:03:47.997] [DEBUG] cheese - null
[2020-01-19T16:10:45.012] [DEBUG] cheese - login => username:admin,password:123456
[2020-01-19T16:10:45.012] [DEBUG] cheese - admin
[2020-01-19T16:10:45.016] [DEBUG] cheese - null
[2020-01-19T16:10:45.016] [DEBUG] cheese - null
[2020-01-19T16:11:53.433] [DEBUG] cheese - login => username:admin,password:123456
[2020-01-19T16:11:53.433] [DEBUG] cheese - admin
[2020-01-19T16:11:53.436] [DEBUG] cheese - null
[2020-01-19T16:11:53.436] [DEBUG] cheese - null
[2020-01-19T16:18:49.514] [DEBUG] cheese - login => username:admin,password:123456
[2020-01-19T16:18:49.514] [DEBUG] cheese - admin
[2020-01-19T16:18:49.516] [DEBUG] cheese - null
[2020-01-19T16:18:49.517] [DEBUG] cheese - null
[2020-01-19T16:28:16.679] [DEBUG] cheese - login => username:admin,password:123456
[2020-01-19T16:28:16.679] [DEBUG] cheese - admin
[2020-01-19T16:28:16.681] [DEBUG] cheese - null
[2020-01-19T16:28:16.681] [DEBUG] cheese - null
[2020-01-19T16:56:02.532] [DEBUG] cheese - login => username:admin,password:123456
[2020-01-19T16:56:02.533] [DEBUG] cheese - admin
[2020-01-19T16:56:02.536] [DEBUG] cheese - null
[2020-01-19T16:56:02.536] [DEBUG] cheese - null
[2020-01-19T17:21:38.815] [DEBUG] cheese - login => username:admin,password:123456
[2020-01-19T17:21:38.815] [DEBUG] cheese - admin
[2020-01-19T17:21:38.817] [DEBUG] cheese - null
[2020-01-19T17:21:38.817] [DEBUG] cheese - null
[2020-01-19T17:23:50.368] [DEBUG] cheese - login => username:admin,password:123456
[2020-01-19T17:23:50.369] [DEBUG] cheese - admin
[2020-01-19T17:23:50.371] [DEBUG] cheese - null
[2020-01-19T17:23:50.371] [DEBUG] cheese - null
[2020-01-19T17:24:24.053] [DEBUG] cheese - login => username:admin,password:123456
[2020-01-19T17:24:24.053] [DEBUG] cheese - admin
[2020-01-19T17:24:24.055] [DEBUG] cheese - null
[2020-01-19T17:24:24.055] [DEBUG] cheese - null
[2020-01-19T17:28:18.312] [DEBUG] cheese - login => username:admin,password:123456
[2020-01-19T17:28:18.312] [DEBUG] cheese - admin
[2020-01-19T17:28:18.315] [DEBUG] cheese - null
[2020-01-19T17:28:18.315] [DEBUG] cheese - null
[2020-01-19T17:44:37.466] [DEBUG] cheese - login => username:admin,password:123456
[2020-01-19T17:44:37.466] [DEBUG] cheese - admin
[2020-01-19T17:44:37.469] [DEBUG] cheese - null
[2020-01-19T17:44:37.469] [DEBUG] cheese - null
[2020-01-19T17:46:20.424] [DEBUG] cheese - login => username:admin,password:123456
[2020-01-19T17:46:20.424] [DEBUG] cheese - admin
[2020-01-19T17:46:20.428] [DEBUG] cheese - null
[2020-01-19T17:46:20.428] [DEBUG] cheese - null
[2020-01-19T21:53:47.644] [DEBUG] cheese - login => username:admin,password:123456
[2020-01-19T21:53:47.644] [DEBUG] cheese - admin
[2020-01-19T21:53:47.647] [DEBUG] cheese - null
[2020-01-19T21:53:47.647] [DEBUG] cheese - null
[2020-01-19T22:21:52.998] [DEBUG] cheese - login => username:admin,password:123456
[2020-01-19T22:21:52.998] [DEBUG] cheese - admin
[2020-01-19T22:21:53.001] [DEBUG] cheese - null
[2020-01-19T22:21:53.001] [DEBUG] cheese - null
[2020-01-19T23:08:34.335] [DEBUG] cheese - login => username:admin,password:123456
[2020-01-19T23:08:34.335] [DEBUG] cheese - admin
[2020-01-19T23:08:34.337] [DEBUG] cheese - null
[2020-01-19T23:08:34.337] [DEBUG] cheese - null
[2020-01-20T16:15:37.043] [DEBUG] cheese - login => username:admin,password:123456
[2020-01-20T16:15:37.045] [DEBUG] cheese - admin
[2020-01-20T16:15:37.055] [DEBUG] cheese - null
[2020-01-20T16:15:37.056] [DEBUG] cheese - null
[2020-01-20T16:40:51.810] [DEBUG] cheese - login => username:admin,password:123456
[2020-01-20T16:40:51.810] [DEBUG] cheese - admin
[2020-01-20T16:40:51.814] [DEBUG] cheese - null
[2020-01-20T16:40:51.814] [DEBUG] cheese - null
[2020-01-20T23:36:37.377] [DEBUG] cheese - login => username:admin,password:123456
[2020-01-20T23:36:37.378] [DEBUG] cheese - admin
[2020-01-20T23:36:37.380] [DEBUG] cheese - null
[2020-01-20T23:36:37.380] [DEBUG] cheese - null
[2020-01-21T15:57:20.945] [DEBUG] cheese - null
[2020-01-21T23:03:47.319] [DEBUG] cheese - login => username:admin,password:123456
[2020-01-21T23:03:47.320] [DEBUG] cheese - admin
[2020-01-21T23:03:47.323] [DEBUG] cheese - null
[2020-01-21T23:03:47.323] [DEBUG] cheese - null
[2020-01-23T20:44:20.582] [DEBUG] cheese - login => username:admin,password:123456
[2020-01-23T20:44:20.585] [DEBUG] cheese - admin
[2020-01-23T20:44:20.604] [DEBUG] cheese - null
[2020-01-23T20:44:20.605] [DEBUG] cheese - null
[2020-01-25T12:07:27.757] [DEBUG] cheese - login => username:admin,password:123456
[2020-01-25T12:07:27.758] [DEBUG] cheese - admin
[2020-01-25T12:07:27.868] [DEBUG] cheese - null
[2020-01-25T12:07:27.868] [DEBUG] cheese - null
[2020-01-25T17:55:09.328] [DEBUG] cheese - login => username:admin,password:123456
[2020-01-25T17:55:09.328] [DEBUG] cheese - admin
[2020-01-25T17:55:09.330] [DEBUG] cheese - null
[2020-01-25T17:55:09.330] [DEBUG] cheese - null
[2020-01-25T17:56:06.587] [DEBUG] cheese - login => username:admi,password:123456
[2020-01-25T17:56:06.588] [DEBUG] cheese - admi
[2020-01-25T17:56:06.589] [DEBUG] cheese - null
[2020-01-25T17:56:06.589] [DEBUG] cheese - null
[2020-01-25T17:56:10.552] [DEBUG] cheese - login => username:admin,password:123456
[2020-01-25T17:56:10.552] [DEBUG] cheese - admin
[2020-01-25T17:56:10.555] [DEBUG] cheese - null
[2020-01-25T17:56:10.555] [DEBUG] cheese - null
[2020-01-25T17:56:25.692] [DEBUG] cheese - login => username:linken,password:123456
[2020-01-25T17:56:25.692] [DEBUG] cheese - linken
[2020-01-25T17:56:25.695] [DEBUG] cheese - null
[2020-01-25T17:56:25.695] [DEBUG] cheese - null
[2020-01-25T17:56:33.086] [DEBUG] cheese - login => username:admin,password:123456
[2020-01-25T17:56:33.086] [DEBUG] cheese - admin
[2020-01-25T17:56:33.089] [DEBUG] cheese - null
[2020-01-25T17:56:33.089] [DEBUG] cheese - null
[2020-01-25T18:01:11.807] [DEBUG] cheese - login => username:auth,password:123456
[2020-01-25T18:01:11.807] [DEBUG] cheese - auth
[2020-01-25T18:01:11.809] [DEBUG] cheese - null
[2020-01-25T18:01:11.809] [DEBUG] cheese - null
[2020-01-25T18:01:21.331] [DEBUG] cheese - login => username:auth,password:123456
[2020-01-25T18:01:21.331] [DEBUG] cheese - auth
[2020-01-25T18:01:21.333] [DEBUG] cheese - null
[2020-01-25T18:01:21.333] [DEBUG] cheese - null
[2020-01-25T18:01:22.594] [DEBUG] cheese - login => username:admin,password:123456
[2020-01-25T18:01:22.594] [DEBUG] cheese - admin
[2020-01-25T18:01:22.596] [DEBUG] cheese - null
[2020-01-25T18:01:22.596] [DEBUG] cheese - null
[2020-01-25T18:01:46.719] [DEBUG] cheese - login => username:auth,password:123456
[2020-01-25T18:01:46.719] [DEBUG] cheese - auth
[2020-01-25T18:01:46.720] [DEBUG] cheese - null
[2020-01-25T18:01:46.720] [DEBUG] cheese - null
[2020-01-25T18:01:49.042] [DEBUG] cheese - null
[2020-01-25T18:01:49.045] [DEBUG] cheese - null
[2020-01-25T18:01:52.237] [DEBUG] cheese - null
[2020-01-25T18:01:52.238] [DEBUG] cheese - null
[2020-01-25T18:01:53.421] [DEBUG] cheese - null
[2020-01-25T18:01:53.424] [DEBUG] cheese - null
[2020-01-25T18:01:59.201] [DEBUG] cheese - login => username:admin,password:123456
[2020-01-25T18:01:59.201] [DEBUG] cheese - admin
[2020-01-25T18:01:59.202] [DEBUG] cheese - null
[2020-01-25T18:01:59.202] [DEBUG] cheese - null
[2020-01-26T13:07:24.764] [DEBUG] cheese - login => username:admin,password:123456
[2020-01-26T13:07:24.764] [DEBUG] cheese - admin
[2020-01-26T13:07:24.767] [DEBUG] cheese - null
[2020-01-26T13:07:24.767] [DEBUG] cheese - null
[2020-01-26T16:04:29.486] [DEBUG] cheese - login => username:admin,password:123456
[2020-01-26T16:04:29.486] [DEBUG] cheese - admin
[2020-01-26T16:04:29.592] [DEBUG] cheese - null
[2020-01-26T16:04:29.592] [DEBUG] cheese - null
[2020-01-26T17:42:27.771] [DEBUG] cheese - login => username:orders,password:123456
[2020-01-26T17:42:27.772] [DEBUG] cheese - orders
[2020-01-26T17:42:27.776] [DEBUG] cheese - null
[2020-01-26T17:42:27.776] [DEBUG] cheese - null
[2020-01-26T17:42:37.026] [DEBUG] cheese - login => username:admin,password:123456
[2020-01-26T17:42:37.026] [DEBUG] cheese - admin
[2020-01-26T17:42:37.031] [DEBUG] cheese - null
[2020-01-26T17:42:37.031] [DEBUG] cheese - null
[2020-01-26T17:42:51.967] [DEBUG] cheese - login => username:good,password:123456
[2020-01-26T17:42:51.967] [DEBUG] cheese - good
[2020-01-26T17:42:51.968] [DEBUG] cheese - null
[2020-01-26T17:42:51.969] [DEBUG] cheese - null
[2020-01-26T17:42:57.198] [DEBUG] cheese - login => username:good,password:123456
[2020-01-26T17:42:57.198] [DEBUG] cheese - good
[2020-01-26T17:42:57.202] [DEBUG] cheese - null
[2020-01-26T17:42:57.202] [DEBUG] cheese - null
[2020-01-26T17:43:03.117] [DEBUG] cheese - login => username:admin,password:123456
[2020-01-26T17:43:03.117] [DEBUG] cheese - admin
[2020-01-26T17:43:03.121] [DEBUG] cheese - null
[2020-01-26T17:43:03.121] [DEBUG] cheese - null
[2020-01-26T17:59:57.263] [DEBUG] cheese - login => username:linken,password:123456
[2020-01-26T17:59:57.263] [DEBUG] cheese - linken
[2020-01-26T17:59:57.266] [DEBUG] cheese - null
[2020-01-26T17:59:57.266] [DEBUG] cheese - null
[2020-01-26T17:59:59.567] [DEBUG] cheese - null
[2020-01-26T17:59:59.571] [DEBUG] cheese - null
[2020-01-26T18:00:00.669] [DEBUG] cheese - null
[2020-01-26T18:00:00.673] [DEBUG] cheese - null
[2020-01-26T18:00:01.722] [DEBUG] cheese - null
[2020-01-26T18:00:01.725] [DEBUG] cheese - null
[2020-01-26T18:00:12.566] [DEBUG] cheese - null
[2020-01-26T18:00:12.571] [DEBUG] cheese - null
[2020-01-26T18:00:13.701] [DEBUG] cheese - null
[2020-01-26T18:00:13.705] [DEBUG] cheese - null
[2020-01-26T18:00:20.653] [DEBUG] cheese - login => username:admin,password:123456
[2020-01-26T18:00:20.653] [DEBUG] cheese - admin
[2020-01-26T18:00:20.657] [DEBUG] cheese - null
[2020-01-26T18:00:20.657] [DEBUG] cheese - null
[2020-01-26T18:01:02.169] [DEBUG] cheese - login => username:admin,password:123456
[2020-01-26T18:01:02.169] [DEBUG] cheese - admin
[2020-01-26T18:01:02.174] [DEBUG] cheese - null
[2020-01-26T18:01:02.174] [DEBUG] cheese - null
[2020-01-26T18:01:11.646] [DEBUG] cheese - login => username:orders,password:123456
[2020-01-26T18:01:11.646] [DEBUG] cheese - orders
[2020-01-26T18:01:11.650] [DEBUG] cheese - null
[2020-01-26T18:01:11.650] [DEBUG] cheese - null
[2020-01-26T18:01:12.416] [DEBUG] cheese - login => username:orders,password:123456
[2020-01-26T18:01:12.416] [DEBUG] cheese - orders
[2020-01-26T18:01:12.421] [DEBUG] cheese - null
[2020-01-26T18:01:12.421] [DEBUG] cheese - null
[2020-01-26T18:01:12.616] [DEBUG] cheese - login => username:orders,password:123456
[2020-01-26T18:01:12.617] [DEBUG] cheese - orders
[2020-01-26T18:01:12.620] [DEBUG] cheese - null
[2020-01-26T18:01:12.621] [DEBUG] cheese - null
[2020-01-26T18:01:15.327] [DEBUG] cheese - login => username:admin,password:123456
[2020-01-26T18:01:15.327] [DEBUG] cheese - admin
[2020-01-26T18:01:15.331] [DEBUG] cheese - null
[2020-01-26T18:01:15.331] [DEBUG] cheese - null
[2020-01-26T22:01:29.107] [DEBUG] cheese - login => username:admin,password:123456
[2020-01-26T22:01:29.107] [DEBUG] cheese - admin
[2020-01-26T22:01:29.113] [DEBUG] cheese - null
[2020-01-26T22:01:29.113] [DEBUG] cheese - null
[2020-01-28T09:54:49.669] [DEBUG] cheese - login => username:admin,password:123456
[2020-01-28T09:54:49.671] [DEBUG] cheese - admin
[2020-01-28T09:54:49.689] [DEBUG] cheese - null
[2020-01-28T09:54:49.690] [DEBUG] cheese - null
[2020-01-28T09:59:40.428] [DEBUG] cheese - login => username:admin,password:123456
[2020-01-28T09:59:40.428] [DEBUG] cheese - admin
[2020-01-28T09:59:40.431] [DEBUG] cheese - null
[2020-01-28T09:59:40.431] [DEBUG] cheese - null
[2020-01-28T12:56:54.555] [DEBUG] cheese - login => username:admin,password:123456
[2020-01-28T12:56:54.555] [DEBUG] cheese - admin
[2020-01-28T12:56:54.558] [DEBUG] cheese - null
[2020-01-28T12:56:54.558] [DEBUG] cheese - null
[2020-01-29T14:09:05.931] [DEBUG] cheese - login => username:admin,password:123456
[2020-01-29T14:09:05.931] [DEBUG] cheese - admin
[2020-01-29T14:09:05.987] [DEBUG] cheese - null
[2020-01-29T14:09:05.987] [DEBUG] cheese - null
[2020-01-30T13:06:03.979] [DEBUG] cheese - login => username:admin,password:123456
[2020-01-30T13:06:03.981] [DEBUG] cheese - admin
[2020-01-30T13:06:03.998] [DEBUG] cheese - null
[2020-01-30T13:06:03.999] [DEBUG] cheese - null
[2020-01-31T15:04:41.057] [DEBUG] cheese - login => username:admin,password:123456
[2020-01-31T15:04:41.059] [DEBUG] cheese - admin
[2020-01-31T15:04:41.091] [DEBUG] cheese - null
[2020-01-31T15:04:41.091] [DEBUG] cheese - null
[2020-01-31T15:16:39.226] [DEBUG] cheese - login => username:admin,password:123456
[2020-01-31T15:16:39.226] [DEBUG] cheese - admin
[2020-01-31T15:16:39.230] [DEBUG] cheese - null
[2020-01-31T15:16:39.230] [DEBUG] cheese - null
[2020-01-31T15:16:57.411] [DEBUG] cheese - login => username:admin,password:123456
[2020-01-31T15:16:57.412] [DEBUG] cheese - admin
[2020-01-31T15:16:57.416] [DEBUG] cheese - null
[2020-01-31T15:16:57.416] [DEBUG] cheese - null
[2020-01-31T16:45:49.514] [DEBUG] cheese - null
[2020-02-01T15:19:52.934] [DEBUG] cheese - login => username:admin,password:123456
[2020-02-01T15:19:52.934] [DEBUG] cheese - admin
[2020-02-01T15:19:52.943] [DEBUG] cheese - null
[2020-02-01T15:19:52.943] [DEBUG] cheese - null
[2020-02-02T10:55:43.884] [DEBUG] cheese - login => username:admin,password:123456
[2020-02-02T10:55:43.884] [DEBUG] cheese - admin
[2020-02-02T10:55:43.887] [DEBUG] cheese - null
[2020-02-02T10:55:43.887] [DEBUG] cheese - null
[2020-02-02T12:23:43.455] [DEBUG] cheese - login => username:admin,password:123456
[2020-02-02T12:23:43.458] [DEBUG] cheese - admin
[2020-02-02T12:23:43.478] [DEBUG] cheese - null
[2020-02-02T12:23:43.478] [DEBUG] cheese - null
[2020-02-02T12:25:57.106] [DEBUG] cheese - login => username:admin,password:123456
[2020-02-02T12:25:57.106] [DEBUG] cheese - admin
[2020-02-02T12:25:57.112] [DEBUG] cheese - null
[2020-02-02T12:25:57.112] [DEBUG] cheese - null
[2020-02-02T12:27:41.624] [DEBUG] cheese - login => username:admin,password:123456
[2020-02-02T12:27:41.624] [DEBUG] cheese - admin
[2020-02-02T12:27:41.630] [DEBUG] cheese - null
[2020-02-02T12:27:41.630] [DEBUG] cheese - null
[2020-02-02T12:28:10.566] [DEBUG] cheese - login => username:admin5,password:123456
[2020-02-02T12:28:10.566] [DEBUG] cheese - admin5
[2020-02-02T12:28:10.570] [DEBUG] cheese - null
[2020-02-02T12:28:10.571] [DEBUG] cheese - null
[2020-02-02T12:28:31.941] [DEBUG] cheese - login => username:admin,password:123456
[2020-02-02T12:28:31.941] [DEBUG] cheese - admin
[2020-02-02T12:28:31.946] [DEBUG] cheese - null
[2020-02-02T12:28:31.946] [DEBUG] cheese - null
[2020-02-02T12:40:46.618] [DEBUG] cheese - login => username:admin,password:123456
[2020-02-02T12:40:46.619] [DEBUG] cheese - admin
[2020-02-02T12:40:46.622] [DEBUG] cheese - null
[2020-02-02T12:40:46.622] [DEBUG] cheese - null
[2020-02-02T12:47:25.040] [DEBUG] cheese - login => username:admin,password:123456
[2020-02-02T12:47:25.040] [DEBUG] cheese - admin
[2020-02-02T12:47:25.043] [DEBUG] cheese - null
[2020-02-02T12:47:25.043] [DEBUG] cheese - null
[2020-02-02T12:59:06.747] [DEBUG] cheese - login => username:admin,password:123456
[2020-02-02T12:59:06.750] [DEBUG] cheese - admin
[2020-02-02T12:59:06.762] [DEBUG] cheese - null
[2020-02-02T12:59:06.762] [DEBUG] cheese - null
[2020-02-02T13:42:31.266] [DEBUG] cheese - login => username:admin,password:123456
[2020-02-02T13:42:31.266] [DEBUG] cheese - admin
[2020-02-02T13:42:31.272] [DEBUG] cheese - null
[2020-02-02T13:42:31.273] [DEBUG] cheese - null
[2020-02-02T13:42:52.236] [DEBUG] cheese - login => username:admin,password:123456
[2020-02-02T13:42:52.237] [DEBUG] cheese - admin
[2020-02-02T13:42:52.241] [DEBUG] cheese - null
[2020-02-02T13:42:52.241] [DEBUG] cheese - null
[2020-02-02T13:43:22.373] [DEBUG] cheese - login => username:admin,password:123456
[2020-02-02T13:43:22.373] [DEBUG] cheese - admin
[2020-02-02T13:43:22.381] [DEBUG] cheese - null
[2020-02-02T13:43:22.382] [DEBUG] cheese - null
[2020-02-02T13:57:57.669] [DEBUG] cheese - login => username:admin,password:123456
[2020-02-02T13:57:57.669] [DEBUG] cheese - admin
[2020-02-02T13:57:57.675] [DEBUG] cheese - null
[2020-02-02T13:57:57.675] [DEBUG] cheese - null
[2020-02-02T14:01:00.834] [DEBUG] cheese - login => username:admin,password:123456
[2020-02-02T14:01:00.836] [DEBUG] cheese - admin
[2020-02-02T14:01:00.875] [DEBUG] cheese - null
[2020-02-02T14:01:00.876] [DEBUG] cheese - null
[2020-02-02T14:28:33.260] [DEBUG] cheese - login => username:admin,password:123456
[2020-02-02T14:28:33.260] [DEBUG] cheese - admin
[2020-02-02T14:28:33.263] [DEBUG] cheese - null
[2020-02-02T14:28:33.263] [DEBUG] cheese - null
[2020-02-02T14:35:49.467] [DEBUG] cheese - login => username:admin,password:123456
[2020-02-02T14:35:49.467] [DEBUG] cheese - admin
[2020-02-02T14:35:49.470] [DEBUG] cheese - null
[2020-02-02T14:35:49.470] [DEBUG] cheese - null
[2020-02-02T15:29:21.354] [DEBUG] cheese - login => username:admin,password:123456
[2020-02-02T15:29:21.354] [DEBUG] cheese - admin
[2020-02-02T15:29:21.363] [DEBUG] cheese - null
[2020-02-02T15:29:21.363] [DEBUG] cheese - null
[2020-02-02T15:34:42.350] [DEBUG] cheese - login => username:admin,password:123456
[2020-02-02T15:34:42.350] [DEBUG] cheese - admin
[2020-02-02T15:34:42.352] [DEBUG] cheese - null
[2020-02-02T15:34:42.353] [DEBUG] cheese - null
[2020-02-02T16:01:32.433] [DEBUG] cheese - login => username:admin,password:123456
[2020-02-02T16:01:32.433] [DEBUG] cheese - admin
[2020-02-02T16:01:32.435] [DEBUG] cheese - null
[2020-02-02T16:01:32.435] [DEBUG] cheese - null
[2020-02-02T16:11:20.413] [DEBUG] cheese - login => username:admin,password:123456
[2020-02-02T16:11:20.413] [DEBUG] cheese - admin
[2020-02-02T16:11:20.414] [DEBUG] cheese - null
[2020-02-02T16:11:20.414] [DEBUG] cheese - null
[2020-02-05T13:54:07.684] [DEBUG] cheese - login => username:admin,password:123456
[2020-02-05T13:54:07.685] [DEBUG] cheese - admin
[2020-02-05T13:54:07.719] [DEBUG] cheese - null
[2020-02-05T13:54:07.719] [DEBUG] cheese - null
[2020-02-14T17:01:46.873] [DEBUG] cheese - login => username:admin,password:123456
[2020-02-14T17:01:46.876] [DEBUG] cheese - admin
[2020-02-14T17:01:46.900] [DEBUG] cheese - null
[2020-02-14T17:01:46.901] [DEBUG] cheese - null
[2020-02-14T17:50:21.591] [DEBUG] cheese - login => username:admin,password:123456
[2020-02-14T17:50:21.594] [DEBUG] cheese - admin
[2020-02-14T17:50:21.604] [DEBUG] cheese - null
[2020-02-14T17:50:21.604] [DEBUG] cheese - null
[2020-02-14T17:51:46.243] [DEBUG] cheese - login => username:report,password:123456
[2020-02-14T17:51:46.244] [DEBUG] cheese - report
[2020-02-14T17:51:46.247] [DEBUG] cheese - null
[2020-02-14T17:51:46.247] [DEBUG] cheese - null
[2020-02-14T17:51:51.927] [DEBUG] cheese - login => username:admin,password:123456
[2020-02-14T17:51:51.928] [DEBUG] cheese - admin
[2020-02-14T17:51:51.930] [DEBUG] cheese - null
[2020-02-14T17:51:51.930] [DEBUG] cheese - null
[2020-02-14T17:53:05.427] [DEBUG] cheese - login => username:author,password:123456
[2020-02-14T17:53:05.427] [DEBUG] cheese - author
[2020-02-14T17:53:05.429] [DEBUG] cheese - null
[2020-02-14T17:53:05.429] [DEBUG] cheese - null
[2020-02-14T17:53:07.947] [DEBUG] cheese - null
[2020-02-14T17:53:07.949] [DEBUG] cheese - null
[2020-02-14T17:53:13.294] [DEBUG] cheese - null
[2020-02-14T17:53:13.296] [DEBUG] cheese - null
[2020-02-14T17:53:14.599] [DEBUG] cheese - null
[2020-02-14T17:53:14.601] [DEBUG] cheese - null
[2020-02-14T17:53:23.043] [DEBUG] cheese - login => username:admin,password:123456
[2020-02-14T17:53:23.043] [DEBUG] cheese - admin
[2020-02-14T17:53:23.045] [DEBUG] cheese - null
[2020-02-14T17:53:23.045] [DEBUG] cheese - null
[2020-02-15T13:35:26.258] [DEBUG] cheese - login => username:admin,password:123456
[2020-02-15T13:35:26.259] [DEBUG] cheese - admin
[2020-02-15T13:35:26.261] [DEBUG] cheese - null
[2020-02-15T13:35:26.261] [DEBUG] cheese - null
[2020-02-16T12:38:14.875] [DEBUG] cheese - login => username:admin,password:123456
[2020-02-16T12:38:14.875] [DEBUG] cheese - admin
[2020-02-16T12:38:14.885] [DEBUG] cheese - null
[2020-02-16T12:38:14.885] [DEBUG] cheese - null
[2020-02-19T12:23:52.880] [DEBUG] cheese - login => username:admin,password:123456
[2020-02-19T12:23:52.880] [DEBUG] cheese - admin
[2020-02-19T12:23:52.886] [DEBUG] cheese - null
[2020-02-19T12:23:52.887] [DEBUG] cheese - null
[2020-02-19T12:26:17.173] [DEBUG] cheese - login => username:admin,password:123456
[2020-02-19T12:26:17.173] [DEBUG] cheese - admin
[2020-02-19T12:26:17.176] [DEBUG] cheese - null
[2020-02-19T12:26:17.176] [DEBUG] cheese - null
[2020-02-19T12:27:14.420] [DEBUG] cheese - login => username:admin,password:123456
[2020-02-19T12:27:14.420] [DEBUG] cheese - admin
[2020-02-19T12:27:14.422] [DEBUG] cheese - null
[2020-02-19T12:27:14.423] [DEBUG] cheese - null
[2020-02-25T03:10:46.626] [DEBUG] cheese - login => username:admin,password:123456
[2020-02-25T03:10:46.629] [DEBUG] cheese - admin
[2020-02-25T03:10:46.663] [DEBUG] cheese - null
[2020-02-25T03:10:46.663] [DEBUG] cheese - null
[2020-02-25T03:12:31.943] [DEBUG] cheese - login => username:goods,password:123456
[2020-02-25T03:12:31.943] [DEBUG] cheese - goods
[2020-02-25T03:12:31.945] [DEBUG] cheese - null
[2020-02-25T03:12:31.945] [DEBUG] cheese - null
[2020-02-25T03:12:34.412] [DEBUG] cheese - login => username:admin,password:123456
[2020-02-25T03:12:34.412] [DEBUG] cheese - admin
[2020-02-25T03:12:34.415] [DEBUG] cheese - null
[2020-02-25T03:12:34.415] [DEBUG] cheese - null
[2020-02-25T03:12:53.832] [DEBUG] cheese - login => username:good,password:123456
[2020-02-25T03:12:53.832] [DEBUG] cheese - good
[2020-02-25T03:12:53.835] [DEBUG] cheese - null
[2020-02-25T03:12:53.835] [DEBUG] cheese - null
[2020-02-25T03:13:04.899] [DEBUG] cheese - login => username:goods,password:123456
[2020-02-25T03:13:04.899] [DEBUG] cheese - goods
[2020-02-25T03:13:04.901] [DEBUG] cheese - null
[2020-02-25T03:13:04.901] [DEBUG] cheese - null
[2020-02-25T03:13:08.296] [DEBUG] cheese - null
[2020-02-25T03:13:08.298] [DEBUG] cheese - null
[2020-02-25T03:13:24.035] [DEBUG] cheese - null
[2020-02-25T03:13:24.038] [DEBUG] cheese - null
[2020-02-25T03:13:28.201] [DEBUG] cheese - null
[2020-02-25T03:13:28.203] [DEBUG] cheese - null
[2020-02-25T03:13:51.407] [DEBUG] cheese - null
[2020-02-25T03:13:51.410] [DEBUG] cheese - null
[2020-02-25T03:13:56.478] [DEBUG] cheese - null
[2020-02-25T03:13:56.480] [DEBUG] cheese - null
[2020-02-25T03:13:59.727] [DEBUG] cheese - null
[2020-02-25T03:13:59.729] [DEBUG] cheese - null
[2020-02-25T03:14:04.221] [DEBUG] cheese - null
[2020-02-25T03:14:04.224] [DEBUG] cheese - null
[2020-02-25T03:14:04.272] [DEBUG] cheese - null
[2020-02-25T03:14:04.273] [DEBUG] cheese - null
[2020-02-25T03:14:12.593] [DEBUG] cheese - login => username:goods,password:123456
[2020-02-25T03:14:12.593] [DEBUG] cheese - goods
[2020-02-25T03:14:12.596] [DEBUG] cheese - null
[2020-02-25T03:14:12.596] [DEBUG] cheese - null
[2020-02-25T03:14:15.186] [DEBUG] cheese - null
[2020-02-25T03:14:15.188] [DEBUG] cheese - null
[2020-02-25T03:14:16.064] [DEBUG] cheese - null
[2020-02-25T03:14:16.065] [DEBUG] cheese - null
[2020-02-25T03:14:17.239] [DEBUG] cheese - null
[2020-02-25T03:14:17.241] [DEBUG] cheese - null
[2020-02-25T03:14:23.251] [DEBUG] cheese - login => username:admin,password:123456
[2020-02-25T03:14:23.251] [DEBUG] cheese - admin
[2020-02-25T03:14:23.253] [DEBUG] cheese - null
[2020-02-25T03:14:23.253] [DEBUG] cheese - null
[2020-02-25T03:16:13.919] [DEBUG] cheese - login => username:goods,password:123456
[2020-02-25T03:16:13.919] [DEBUG] cheese - goods
[2020-02-25T03:16:13.920] [DEBUG] cheese - null
[2020-02-25T03:16:13.921] [DEBUG] cheese - null
[2020-02-25T03:16:17.235] [DEBUG] cheese - null
[2020-02-25T03:16:17.236] [DEBUG] cheese - null
[2020-02-25T03:16:20.234] [DEBUG] cheese - null
[2020-02-25T03:16:20.239] [DEBUG] cheese - null
[2020-02-25T03:16:21.420] [DEBUG] cheese - null
[2020-02-25T03:16:21.427] [DEBUG] cheese - null
[2020-02-25T03:16:28.501] [DEBUG] cheese - login => username:admin,password:123456
[2020-02-25T03:16:28.502] [DEBUG] cheese - admin
[2020-02-25T03:16:28.513] [DEBUG] cheese - null
[2020-02-25T03:16:28.513] [DEBUG] cheese - null
[2020-02-25T03:23:35.712] [DEBUG] cheese - login => username:admin,password:123456
[2020-02-25T03:23:35.712] [DEBUG] cheese - admin
[2020-02-25T03:23:35.715] [DEBUG] cheese - null
[2020-02-25T03:23:35.715] [DEBUG] cheese - null
[2020-02-25T03:25:38.822] [DEBUG] cheese - null
[2020-02-25T03:26:05.449] [DEBUG] cheese - login => username:linken,password:123456
[2020-02-25T03:26:05.450] [DEBUG] cheese - linken
[2020-02-25T03:26:05.451] [DEBUG] cheese - null
[2020-02-25T03:26:05.451] [DEBUG] cheese - null
[2020-02-25T03:26:07.914] [DEBUG] cheese - null
[2020-02-25T03:26:12.458] [DEBUG] cheese - null
[2020-02-25T03:26:18.375] [DEBUG] cheese - null
[2020-02-25T03:26:18.377] [DEBUG] cheese - null
[2020-02-25T03:26:21.334] [DEBUG] cheese - null
[2020-02-25T03:26:21.335] [DEBUG] cheese - null
[2020-02-25T03:26:22.151] [DEBUG] cheese - null
[2020-02-25T03:26:22.153] [DEBUG] cheese - null
[2020-02-25T03:26:22.799] [DEBUG] cheese - null
[2020-02-25T03:26:22.801] [DEBUG] cheese - null
[2020-02-25T03:26:25.970] [DEBUG] cheese - login => username:admin,password:123456
[2020-02-25T03:26:25.970] [DEBUG] cheese - admin
[2020-02-25T03:26:25.972] [DEBUG] cheese - null
[2020-02-25T03:26:25.972] [DEBUG] cheese - null
[2020-02-25T03:44:58.658] [DEBUG] cheese - login => username:admin,password:123456
[2020-02-25T03:44:58.658] [DEBUG] cheese - admin
[2020-02-25T03:44:58.660] [DEBUG] cheese - null
[2020-02-25T03:44:58.660] [DEBUG] cheese - null
[2020-02-25T09:35:09.360] [DEBUG] cheese - login => username:admin,password:123456
[2020-02-25T09:35:09.360] [DEBUG] cheese - admin
[2020-02-25T09:35:09.361] [DEBUG] cheese - null
[2020-02-25T09:35:09.361] [DEBUG] cheese - null
[2020-02-25T09:35:20.332] [DEBUG] cheese - login => username:goods,password:123456
[2020-02-25T09:35:20.333] [DEBUG] cheese - goods
[2020-02-25T09:35:20.335] [DEBUG] cheese - null
[2020-02-25T09:35:20.335] [DEBUG] cheese - null
[2020-02-25T09:35:22.817] [DEBUG] cheese - null
[2020-02-25T09:35:22.819] [DEBUG] cheese - null
[2020-02-25T09:35:23.402] [DEBUG] cheese - null
[2020-02-25T09:35:23.404] [DEBUG] cheese - null
[2020-02-25T09:35:31.430] [DEBUG] cheese - login => username:author,password:123456
[2020-02-25T09:35:31.430] [DEBUG] cheese - author
[2020-02-25T09:35:31.432] [DEBUG] cheese - null
[2020-02-25T09:35:31.432] [DEBUG] cheese - null
[2020-02-25T09:35:33.625] [DEBUG] cheese - null
[2020-02-25T09:35:33.626] [DEBUG] cheese - null
[2020-02-25T09:35:34.109] [DEBUG] cheese - null
[2020-02-25T09:35:34.110] [DEBUG] cheese - null
[2020-02-25T09:36:07.230] [DEBUG] cheese - login => username:admin,password:123456
[2020-02-25T09:36:07.230] [DEBUG] cheese - admin
[2020-02-25T09:36:07.233] [DEBUG] cheese - null
[2020-02-25T09:36:07.233] [DEBUG] cheese - null
[2020-02-25T09:36:57.448] [DEBUG] cheese - login => username:test,password:123456
[2020-02-25T09:36:57.448] [DEBUG] cheese - test
[2020-02-25T09:36:57.450] [DEBUG] cheese - null
[2020-02-25T09:36:57.451] [DEBUG] cheese - null
[2020-02-25T09:36:59.390] [DEBUG] cheese - login => username:admin,password:123456
[2020-02-25T09:36:59.390] [DEBUG] cheese - admin
[2020-02-25T09:36:59.392] [DEBUG] cheese - null
[2020-02-25T09:36:59.392] [DEBUG] cheese - null
[2020-02-25T09:37:20.461] [DEBUG] cheese - login => username:test,password:123456
[2020-02-25T09:37:20.461] [DEBUG] cheese - test
[2020-02-25T09:37:20.463] [DEBUG] cheese - null
[2020-02-25T09:37:20.463] [DEBUG] cheese - null
[2020-02-25T09:37:22.733] [DEBUG] cheese - null
[2020-02-25T09:37:22.734] [DEBUG] cheese - null
[2020-02-25T09:37:26.423] [DEBUG] cheese - login => username:admin,password:123456
[2020-02-25T09:37:26.424] [DEBUG] cheese - admin
[2020-02-25T09:37:26.425] [DEBUG] cheese - null
[2020-02-25T09:37:26.425] [DEBUG] cheese - null
[2020-02-25T09:37:34.639] [DEBUG] cheese - null
[2020-02-25T09:37:38.764] [DEBUG] cheese - null
[2020-02-25T09:37:44.419] [DEBUG] cheese - login => username:test,password:123456
[2020-02-25T09:37:44.419] [DEBUG] cheese - test
[2020-02-25T09:37:44.422] [DEBUG] cheese - null
[2020-02-25T09:37:44.422] [DEBUG] cheese - null
[2020-02-25T09:52:10.526] [DEBUG] cheese - null
[2020-02-25T09:52:10.528] [DEBUG] cheese - null
[2020-02-25T09:52:11.905] [DEBUG] cheese - null
[2020-02-25T09:52:11.906] [DEBUG] cheese - null
[2020-02-25T09:52:13.187] [DEBUG] cheese - null
[2020-02-25T09:52:13.189] [DEBUG] cheese - null
[2020-02-25T09:52:15.056] [DEBUG] cheese - null
[2020-02-25T09:52:15.057] [DEBUG] cheese - null
[2020-02-25T09:52:25.023] [DEBUG] cheese - null
[2020-02-25T09:52:25.024] [DEBUG] cheese - null
[2020-02-25T09:52:26.311] [DEBUG] cheese - null
[2020-02-25T09:52:26.312] [DEBUG] cheese - null
[2020-03-08T23:33:06.424] [DEBUG] cheese - login => username:admin,password:123456
[2020-03-08T23:33:06.428] [DEBUG] cheese - admin
[2020-03-08T23:33:06.483] [DEBUG] cheese - null
[2020-03-08T23:33:06.484] [DEBUG] cheese - null
[2020-03-08T23:33:18.033] [DEBUG] cheese - login => username:admin,password:123456
[2020-03-08T23:33:18.033] [DEBUG] cheese - admin
[2020-03-08T23:33:18.039] [DEBUG] cheese - null
[2020-03-08T23:33:18.039] [DEBUG] cheese - null
[2020-05-10T14:25:31.868] [DEBUG] cheese - login => username:admin,password:123456
[2020-05-10T14:25:31.870] [DEBUG] cheese - admin
[2020-05-10T14:25:31.873] [DEBUG] cheese - null
[2020-05-10T14:25:31.874] [DEBUG] cheese - null
[2020-05-10T15:07:35.379] [DEBUG] cheese - login => username:admin,password:123456
[2020-05-10T15:07:35.380] [DEBUG] cheese - admin
[2020-05-10T15:07:35.383] [DEBUG] cheese - null
[2020-05-10T15:07:35.384] [DEBUG] cheese - null
[2020-05-10T19:03:52.723] [DEBUG] cheese - null
[2020-05-10T20:19:05.862] [DEBUG] cheese - null
[2020-05-10T20:19:08.042] [DEBUG] cheese - null
[2020-05-10T20:19:14.916] [DEBUG] cheese - null
[2020-05-10T20:20:50.707] [DEBUG] cheese - null
[2020-05-10T20:34:35.234] [DEBUG] cheese - null
[2020-05-10T21:08:59.662] [DEBUG] cheese - null
[2020-05-10T21:09:16.626] [DEBUG] cheese - null
[2020-05-10T21:15:11.631] [DEBUG] cheese - login => username:admin,password:123456
[2020-05-10T21:15:11.631] [DEBUG] cheese - admin
[2020-05-10T21:15:11.642] [DEBUG] cheese - null
[2020-05-10T21:15:11.642] [DEBUG] cheese - null
[2020-05-10T21:15:41.909] [DEBUG] cheese - null
[2020-05-10T21:18:11.022] [DEBUG] cheese - null
[2020-05-10T21:20:39.783] [DEBUG] cheese - null
[2020-05-10T21:20:45.997] [DEBUG] cheese - null
[2020-05-10T21:20:50.276] [DEBUG] cheese - null
[2020-05-10T21:21:09.950] [DEBUG] cheese - null
[2020-05-10T21:21:39.098] [DEBUG] cheese - null
[2020-05-10T21:21:57.069] [DEBUG] cheese - null
[2020-05-10T21:22:59.172] [DEBUG] cheese - null
[2020-05-10T21:23:19.060] [DEBUG] cheese - null
[2020-05-10T21:23:22.356] [DEBUG] cheese - null
[2020-05-10T21:24:14.849] [DEBUG] cheese - null
[2020-05-11T18:50:51.339] [DEBUG] cheese - login => username:admin,password:123456
[2020-05-11T18:50:51.341] [DEBUG] cheese - admin
[2020-05-11T18:50:51.399] [DEBUG] cheese - null
[2020-05-11T18:50:51.399] [DEBUG] cheese - null
[2020-05-11T19:11:07.509] [DEBUG] cheese - login => username:admin,password:123456
[2020-05-11T19:11:07.509] [DEBUG] cheese - admin
[2020-05-11T19:11:07.512] [DEBUG] cheese - null
[2020-05-11T19:11:07.513] [DEBUG] cheese - null
[2020-05-11T19:14:58.951] [DEBUG] cheese - login => username:admin,password:123456
[2020-05-11T19:14:58.951] [DEBUG] cheese - admin
[2020-05-11T19:14:58.955] [DEBUG] cheese - null
[2020-05-11T19:14:58.955] [DEBUG] cheese - null
[2020-05-11T19:15:12.212] [DEBUG] cheese - login => username:admin,password:123456
[2020-05-11T19:15:12.212] [DEBUG] cheese - admin
[2020-05-11T19:15:12.214] [DEBUG] cheese - null
[2020-05-11T19:15:12.214] [DEBUG] cheese - null
[2020-05-11T19:17:08.497] [DEBUG] cheese - null
[2022-09-22T22:22:39.472] [DEBUG] cheese - login => username:admin,password:123456
[2022-09-22T22:22:39.473] [DEBUG] cheese - admin
[2022-09-22T22:22:39.478] [DEBUG] cheese - null
[2022-09-22T22:22:39.478] [DEBUG] cheese - null
[2022-09-22T22:29:31.492] [DEBUG] cheese - null
[2022-09-22T22:37:09.762] [DEBUG] cheese - login => username:admin,password:123456
[2022-09-22T22:37:09.762] [DEBUG] cheese - admin
[2022-09-22T22:37:09.765] [DEBUG] cheese - null
[2022-09-22T22:37:09.765] [DEBUG] cheese - null
[2022-09-22T22:45:36.287] [DEBUG] cheese - login => username:admin,password:123456
[2022-09-22T22:45:36.289] [DEBUG] cheese - admin
[2022-09-22T22:45:36.301] [DEBUG] cheese - null
[2022-09-22T22:45:36.302] [DEBUG] cheese - null
[2022-09-23T06:08:25.030] [DEBUG] cheese - login => username:admin,password:123456
[2022-09-23T06:08:25.030] [DEBUG] cheese - admin
[2022-09-23T06:08:25.034] [DEBUG] cheese - null
[2022-09-23T06:08:25.034] [DEBUG] cheese - null
[2022-09-23T06:11:03.373] [DEBUG] cheese - login => username:admin,password:123456
[2022-09-23T06:11:03.374] [DEBUG] cheese - admin
[2022-09-23T06:11:03.377] [DEBUG] cheese - null
[2022-09-23T06:11:03.378] [DEBUG] cheese - null
[2022-09-23T08:30:28.936] [DEBUG] cheese - login => username:admin,password:123456
[2022-09-23T08:30:28.939] [DEBUG] cheese - admin
[2022-09-23T08:30:29.020] [DEBUG] cheese - null
[2022-09-23T08:30:29.021] [DEBUG] cheese - null
[2022-09-23T09:12:51.367] [DEBUG] cheese - null
[2022-09-23T09:16:33.137] [DEBUG] cheese - null
[2022-09-23T09:16:39.533] [DEBUG] cheese - null
[2022-09-23T09:16:44.441] [DEBUG] cheese - null
[2022-09-23T09:16:48.640] [DEBUG] cheese - null
[2022-09-23T09:48:04.982] [DEBUG] cheese - login => username:admin,password:123456
[2022-09-23T09:48:04.982] [DEBUG] cheese - admin
[2022-09-23T09:48:04.989] [DEBUG] cheese - null
[2022-09-23T09:48:04.989] [DEBUG] cheese - null
[2022-09-23T10:48:18.826] [DEBUG] cheese - null
[2022-09-23T20:40:39.961] [DEBUG] cheese - login => username:admin,password:123456
[2022-09-23T20:40:39.962] [DEBUG] cheese - admin
[2022-09-23T20:40:40.003] [DEBUG] cheese - null
[2022-09-23T20:40:40.003] [DEBUG] cheese - null
[2022-09-23T21:20:59.002] [DEBUG] cheese - null
[2022-09-23T21:21:02.871] [DEBUG] cheese - null
[2022-09-23T21:21:05.499] [DEBUG] cheese - null
[2022-09-23T21:23:30.528] [DEBUG] cheese - null
[2022-09-23T21:23:32.791] [DEBUG] cheese - null
[2022-09-23T21:23:36.049] [DEBUG] cheese - null
[2022-09-23T21:23:39.408] [DEBUG] cheese - null
[2022-09-23T21:23:42.298] [DEBUG] cheese - null
[2022-09-23T21:23:44.321] [DEBUG] cheese - null
[2022-09-27T08:33:36.137] [DEBUG] cheese - login => username:admin,password:123456
[2022-09-27T08:33:36.139] [DEBUG] cheese - admin
[2022-09-27T08:33:36.171] [DEBUG] cheese - null
[2022-09-27T08:33:36.172] [DEBUG] cheese - null
[2022-09-28T06:11:18.671] [DEBUG] cheese - login => username:admin,password:123456
[2022-09-28T06:11:18.674] [DEBUG] cheese - admin
[2022-09-28T06:11:18.705] [DEBUG] cheese - null
[2022-09-28T06:11:18.705] [DEBUG] cheese - null
[2022-09-28T08:29:31.140] [DEBUG] cheese - login => username:admin,password:123456
[2022-09-28T08:29:31.142] [DEBUG] cheese - admin
[2022-09-28T08:29:31.198] [DEBUG] cheese - null
[2022-09-28T08:29:31.199] [DEBUG] cheese - null
[2022-09-28T10:25:55.225] [DEBUG] cheese - login => username:admin,password:123456
[2022-09-28T10:25:55.226] [DEBUG] cheese - admin
[2022-09-28T10:25:55.261] [DEBUG] cheese - null
[2022-09-28T10:25:55.262] [DEBUG] cheese - null
[2022-09-28T14:29:37.002] [DEBUG] cheese - login => username:admin,password:123456
[2022-09-28T14:29:37.003] [DEBUG] cheese - admin
[2022-09-28T14:29:37.007] [DEBUG] cheese - null
[2022-09-28T14:29:37.008] [DEBUG] cheese - null
[2022-09-28T18:19:27.851] [DEBUG] cheese - login => username:admin,password:123456
[2022-09-28T18:19:27.852] [DEBUG] cheese - admin
[2022-09-28T18:19:27.913] [DEBUG] cheese - null
[2022-09-28T18:19:27.913] [DEBUG] cheese - null
[2022-09-28T19:38:46.160] [DEBUG] cheese - login => username:admin,password:123456
[2022-09-28T19:38:46.161] [DEBUG] cheese - admin
[2022-09-28T19:38:46.164] [DEBUG] cheese - null
[2022-09-28T19:38:46.165] [DEBUG] cheese - null
[2022-09-28T21:45:57.834] [DEBUG] cheese - null
[2022-09-29T09:14:44.912] [DEBUG] cheese - login => username:admin,password:123456
[2022-09-29T09:14:44.913] [DEBUG] cheese - admin
[2022-09-29T09:14:44.939] [DEBUG] cheese - null
[2022-09-29T09:14:44.940] [DEBUG] cheese - null
[2022-09-30T08:50:17.869] [DEBUG] cheese - login => username:admin,password:123456
[2022-09-30T08:50:17.871] [DEBUG] cheese - admin
[2022-09-30T08:50:17.890] [DEBUG] cheese - null
[2022-09-30T08:50:17.890] [DEBUG] cheese - null
[2022-09-30T09:33:27.469] [DEBUG] cheese - login => username:admin,password:123456
[2022-09-30T09:33:27.470] [DEBUG] cheese - admin
[2022-09-30T09:33:27.476] [DEBUG] cheese - null
[2022-09-30T09:33:27.476] [DEBUG] cheese - null
[2022-10-03T21:42:12.969] [DEBUG] cheese - login => username:admin,password:123456
[2022-10-03T21:42:12.970] [DEBUG] cheese - admin
[2022-10-03T21:42:12.982] [DEBUG] cheese - null
[2022-10-03T21:42:12.982] [DEBUG] cheese - null
[2022-10-03T21:42:58.577] [DEBUG] cheese - null
[2022-10-03T21:44:47.424] [DEBUG] cheese - login => username:admin,password:123456
[2022-10-03T21:44:47.424] [DEBUG] cheese - admin
[2022-10-03T21:44:47.426] [DEBUG] cheese - null
[2022-10-03T21:44:47.426] [DEBUG] cheese - null
[2022-10-03T21:49:30.145] [DEBUG] cheese - login => username:admin,password:123456
[2022-10-03T21:49:30.146] [DEBUG] cheese - admin
[2022-10-03T21:49:30.177] [DEBUG] cheese - null
[2022-10-03T21:49:30.178] [DEBUG] cheese - null
[2022-10-03T21:50:12.747] [DEBUG] cheese - login => username:admin,password:123456
[2022-10-03T21:50:12.748] [DEBUG] cheese - admin
[2022-10-03T21:50:12.752] [DEBUG] cheese - null
[2022-10-03T21:50:12.753] [DEBUG] cheese - null
[2022-10-04T06:08:06.790] [DEBUG] cheese - null
[2022-10-04T06:09:49.879] [DEBUG] cheese - null
[2022-10-04T06:10:22.869] [DEBUG] cheese - null
[2022-10-04T06:10:54.825] [DEBUG] cheese - null
[2022-10-04T08:33:10.853] [DEBUG] cheese - login => username:admin,password:123456
[2022-10-04T08:33:10.854] [DEBUG] cheese - admin
[2022-10-04T08:33:10.886] [DEBUG] cheese - null
[2022-10-04T08:33:10.887] [DEBUG] cheese - null
[2022-10-04T10:50:27.180] [DEBUG] cheese - null
[2022-10-04T10:50:49.626] [DEBUG] cheese - null
[2022-10-04T11:32:06.181] [DEBUG] cheese - null
[2022-10-04T11:35:14.173] [DEBUG] cheese - login => username:admin,password:123456
[2022-10-04T11:35:14.173] [DEBUG] cheese - admin
[2022-10-04T11:35:14.176] [DEBUG] cheese - null
[2022-10-04T11:35:14.176] [DEBUG] cheese - null
[2022-10-04T11:49:19.886] [DEBUG] cheese - login => username:admin,password:123456
[2022-10-04T11:49:19.887] [DEBUG] cheese - admin
[2022-10-04T11:49:19.889] [DEBUG] cheese - null
[2022-10-04T11:49:19.889] [DEBUG] cheese - null
[2022-10-04T11:50:31.741] [DEBUG] cheese - login => username:admin,password:123456
[2022-10-04T11:50:31.741] [DEBUG] cheese - admin
[2022-10-04T11:50:31.743] [DEBUG] cheese - null
[2022-10-04T11:50:31.743] [DEBUG] cheese - null
[2022-10-04T14:17:07.109] [DEBUG] cheese - null
[2022-10-04T14:29:26.967] [DEBUG] cheese - null
[2022-10-04T14:29:32.958] [DEBUG] cheese - null
[2022-10-04T14:29:47.774] [DEBUG] cheese - null
[2022-10-04T19:17:55.024] [DEBUG] cheese - login => username:admin,password:123456
[2022-10-04T19:17:55.026] [DEBUG] cheese - admin
[2022-10-04T19:17:55.083] [DEBUG] cheese - null
[2022-10-04T19:17:55.084] [DEBUG] cheese - null
[2022-10-04T20:09:32.041] [DEBUG] cheese - login => username:admin,password:123456
[2022-10-04T20:09:32.041] [DEBUG] cheese - admin
[2022-10-04T20:09:32.045] [DEBUG] cheese - null
[2022-10-04T20:09:32.046] [DEBUG] cheese - null
[2022-10-04T20:43:00.442] [DEBUG] cheese - login => username:admin,password:123456
[2022-10-04T20:43:00.442] [DEBUG] cheese - admin
[2022-10-04T20:43:00.445] [DEBUG] cheese - null
[2022-10-04T20:43:00.445] [DEBUG] cheese - null
[2022-10-04T20:45:50.428] [DEBUG] cheese - login => username:admin,password:123456
[2022-10-04T20:45:50.429] [DEBUG] cheese - admin
[2022-10-04T20:45:50.431] [DEBUG] cheese - null
[2022-10-04T20:45:50.431] [DEBUG] cheese - null
[2022-10-05T07:01:19.110] [DEBUG] cheese - login => username:admin,password:123456
[2022-10-05T07:01:19.111] [DEBUG] cheese - admin
[2022-10-05T07:01:19.130] [DEBUG] cheese - null
[2022-10-05T07:01:19.131] [DEBUG] cheese - null
[2022-10-05T09:19:50.943] [DEBUG] cheese - login => username:admin,password:123456
[2022-10-05T09:19:50.944] [DEBUG] cheese - admin
[2022-10-05T09:19:50.960] [DEBUG] cheese - null
[2022-10-05T09:19:50.961] [DEBUG] cheese - null
[2022-10-05T10:48:47.433] [DEBUG] cheese - login => username:admin,password:123456
[2022-10-05T10:48:47.433] [DEBUG] cheese - admin
[2022-10-05T10:48:47.436] [DEBUG] cheese - null
[2022-10-05T10:48:47.436] [DEBUG] cheese - null
[2022-10-05T11:35:05.262] [DEBUG] cheese - login => username:admin,password:123456
[2022-10-05T11:35:05.262] [DEBUG] cheese - admin
[2022-10-05T11:35:05.266] [DEBUG] cheese - null
[2022-10-05T11:35:05.266] [DEBUG] cheese - null
[2022-10-05T13:05:14.015] [DEBUG] cheese - login => username:admin,password:123456
[2022-10-05T13:05:14.016] [DEBUG] cheese - admin
[2022-10-05T13:05:14.019] [DEBUG] cheese - null
[2022-10-05T13:05:14.020] [DEBUG] cheese - null
[2022-10-05T13:07:13.884] [DEBUG] cheese - login => username:admin,password:123456
[2022-10-05T13:07:13.884] [DEBUG] cheese - admin
[2022-10-05T13:07:13.887] [DEBUG] cheese - null
[2022-10-05T13:07:13.887] [DEBUG] cheese - null
[2022-10-05T14:51:56.214] [DEBUG] cheese - login => username:admin,password:123456
[2022-10-05T14:51:56.215] [DEBUG] cheese - admin
[2022-10-05T14:51:56.220] [DEBUG] cheese - null
[2022-10-05T14:51:56.220] [DEBUG] cheese - null
[2022-10-05T15:46:25.105] [DEBUG] cheese - login => username:admin,password:123456
[2022-10-05T15:46:25.105] [DEBUG] cheese - admin
[2022-10-05T15:46:25.108] [DEBUG] cheese - null
[2022-10-05T15:46:25.108] [DEBUG] cheese - null
[2022-10-05T15:57:17.554] [DEBUG] cheese - login => username:admin,password:123456
[2022-10-05T15:57:17.556] [DEBUG] cheese - admin
[2022-10-05T15:57:17.559] [DEBUG] cheese - null
[2022-10-05T15:57:17.560] [DEBUG] cheese - null
[2022-10-06T18:28:42.710] [DEBUG] cheese - login => username:admin,password:123456
[2022-10-06T18:28:42.712] [DEBUG] cheese - admin
[2022-10-06T18:28:42.727] [DEBUG] cheese - null
[2022-10-06T18:28:42.727] [DEBUG] cheese - null
[2022-10-06T18:33:53.700] [DEBUG] cheese - null
[2023-02-13T20:45:33.515] [DEBUG] cheese - login => username:admin,password:123456
[2023-02-13T21:26:55.849] [DEBUG] cheese - login => username:admin,password:123456
[2023-02-13T21:26:55.853] [DEBUG] cheese - admin
[2023-02-13T21:26:56.116] [DEBUG] cheese - null
[2023-02-13T21:26:56.117] [DEBUG] cheese - null
[2023-02-13T21:29:18.514] [DEBUG] cheese - login => username:admin,password:123456
[2023-02-13T21:29:18.514] [DEBUG] cheese - admin
[2023-02-13T21:29:18.517] [DEBUG] cheese - null
[2023-02-13T21:29:18.517] [DEBUG] cheese - null
[2023-02-13T23:15:22.444] [DEBUG] cheese - login => username:admin,password:123456
[2023-02-13T23:15:22.446] [DEBUG] cheese - admin
[2023-02-13T23:15:22.589] [DEBUG] cheese - null
[2023-02-13T23:15:22.589] [DEBUG] cheese - null
[2023-02-14T01:40:58.739] [DEBUG] cheese - login => username:admin,password:123456
[2023-02-14T01:40:58.741] [DEBUG] cheese - admin
[2023-02-14T01:40:58.821] [DEBUG] cheese - null
[2023-02-14T01:40:58.821] [DEBUG] cheese - null
[2023-02-14T01:41:03.468] [DEBUG] cheese - login => username:admin,password:123456
[2023-02-14T01:41:03.468] [DEBUG] cheese - admin
[2023-02-14T01:41:03.481] [DEBUG] cheese - null
[2023-02-14T01:41:03.481] [DEBUG] cheese - null
[2023-02-14T01:41:33.492] [DEBUG] cheese - login => username:admin,password:123456
[2023-02-14T01:41:33.492] [DEBUG] cheese - admin
[2023-02-14T01:41:33.501] [DEBUG] cheese - null
[2023-02-14T01:41:33.502] [DEBUG] cheese - null
[2023-02-14T01:41:37.588] [DEBUG] cheese - login => username:admin,password:123456
[2023-02-14T01:41:37.588] [DEBUG] cheese - admin
[2023-02-14T01:41:37.593] [DEBUG] cheese - null
[2023-02-14T01:41:37.593] [DEBUG] cheese - null
[2023-02-14T01:41:41.494] [DEBUG] cheese - login => username:admin,password:123456
[2023-02-14T01:41:41.494] [DEBUG] cheese - admin
[2023-02-14T01:41:41.498] [DEBUG] cheese - null
[2023-02-14T01:41:41.498] [DEBUG] cheese - null
[2023-02-14T01:41:43.595] [DEBUG] cheese - login => username:admin,password:123456
[2023-02-14T01:41:43.595] [DEBUG] cheese - admin
[2023-02-14T01:41:43.599] [DEBUG] cheese - null
[2023-02-14T01:41:43.600] [DEBUG] cheese - null
[2023-02-14T01:42:36.141] [DEBUG] cheese - login => username:admin,password:123456
[2023-02-14T01:42:36.141] [DEBUG] cheese - admin
[2023-02-14T01:42:36.146] [DEBUG] cheese - null
[2023-02-14T01:42:36.146] [DEBUG] cheese - null
[2023-02-14T02:34:25.628] [DEBUG] cheese - login => username:admin,password:123456
[2023-02-14T02:34:25.632] [DEBUG] cheese - admin
[2023-02-14T02:34:25.764] [DEBUG] cheese - null
[2023-02-14T02:34:25.765] [DEBUG] cheese - null
[2023-02-14T02:35:37.789] [DEBUG] cheese - login => username:admin,password:123456
[2023-02-14T02:35:37.789] [DEBUG] cheese - admin
[2023-02-14T02:35:37.802] [DEBUG] cheese - null
[2023-02-14T02:35:37.803] [DEBUG] cheese - null
[2023-02-14T02:36:19.678] [DEBUG] cheese - login => username:dsada,password:dsadasd
[2023-02-14T02:36:19.679] [DEBUG] cheese - dsada
[2023-02-14T02:36:19.686] [DEBUG] cheese - null
[2023-02-14T02:36:19.686] [DEBUG] cheese - null
[2023-02-14T02:36:26.978] [DEBUG] cheese - login => username:dsadsa,password:dsdsa
[2023-02-14T02:36:26.978] [DEBUG] cheese - dsadsa
[2023-02-14T02:36:26.999] [DEBUG] cheese - null
[2023-02-14T02:36:26.999] [DEBUG] cheese - null
[2023-02-14T02:37:28.695] [DEBUG] cheese - login => username:admin,password:123456
[2023-02-14T02:37:28.695] [DEBUG] cheese - admin
[2023-02-14T02:37:28.703] [DEBUG] cheese - null
[2023-02-14T02:37:28.703] [DEBUG] cheese - null
[2023-02-14T02:39:45.500] [DEBUG] cheese - login => username:admin,password:123
[2023-02-14T02:39:45.500] [DEBUG] cheese - admin
[2023-02-14T02:39:45.504] [DEBUG] cheese - null
[2023-02-14T02:39:45.504] [DEBUG] cheese - null
[2023-02-14T02:40:38.654] [DEBUG] cheese - login => username:dad,password:dadas
[2023-02-14T02:40:38.654] [DEBUG] cheese - dad
[2023-02-14T02:40:38.664] [DEBUG] cheese - null
[2023-02-14T02:40:38.664] [DEBUG] cheese - null
[2023-02-14T02:41:23.951] [DEBUG] cheese - login => username:dsds,password:dsd
[2023-02-14T02:41:23.951] [DEBUG] cheese - dsds
[2023-02-14T02:41:23.954] [DEBUG] cheese - null
[2023-02-14T02:41:23.954] [DEBUG] cheese - null
[2023-02-14T02:41:53.042] [DEBUG] cheese - login => username:sdsad,password:dasdsa
[2023-02-14T02:41:53.042] [DEBUG] cheese - sdsad
[2023-02-14T02:41:53.047] [DEBUG] cheese - null
[2023-02-14T02:41:53.047] [DEBUG] cheese - null
[2023-02-14T02:41:57.187] [DEBUG] cheese - login => username:dsadsad,password:dsadas
[2023-02-14T02:41:57.187] [DEBUG] cheese - dsadsad
[2023-02-14T02:41:57.195] [DEBUG] cheese - null
[2023-02-14T02:41:57.195] [DEBUG] cheese - null
[2023-02-14T02:42:21.960] [DEBUG] cheese - login => username:sdsad,password:asdsa
[2023-02-14T02:42:21.960] [DEBUG] cheese - sdsad
[2023-02-14T02:42:21.965] [DEBUG] cheese - null
[2023-02-14T02:42:21.965] [DEBUG] cheese - null
[2023-02-14T02:42:52.531] [DEBUG] cheese - login => username:dsada,password:dsdsada
[2023-02-14T02:42:52.532] [DEBUG] cheese - dsada
[2023-02-14T02:42:52.534] [DEBUG] cheese - null
[2023-02-14T02:42:52.534] [DEBUG] cheese - null
[2023-02-14T02:43:46.544] [DEBUG] cheese - login => username:dsd,password:sdsad
[2023-02-14T02:43:46.544] [DEBUG] cheese - dsd
[2023-02-14T02:43:46.547] [DEBUG] cheese - null
[2023-02-14T02:43:46.547] [DEBUG] cheese - null
[2023-02-14T02:43:58.255] [DEBUG] cheese - login => username:admin,password:123456
[2023-02-14T02:43:58.255] [DEBUG] cheese - admin
[2023-02-14T02:43:58.279] [DEBUG] cheese - null
[2023-02-14T02:43:58.279] [DEBUG] cheese - null
[2023-02-14T02:45:27.475] [DEBUG] cheese - login => username:dsad,password:dsadsa
[2023-02-14T02:45:27.475] [DEBUG] cheese - dsad
[2023-02-14T02:45:27.484] [DEBUG] cheese - null
[2023-02-14T02:45:27.484] [DEBUG] cheese - null
[2023-02-14T02:45:39.328] [DEBUG] cheese - login => username:admin,password:123456
[2023-02-14T02:45:39.328] [DEBUG] cheese - admin
[2023-02-14T02:45:39.337] [DEBUG] cheese - null
[2023-02-14T02:45:39.340] [DEBUG] cheese - null
[2023-02-14T13:09:23.034] [DEBUG] cheese - login => username:admin,password:123456
[2023-02-14T13:09:23.037] [DEBUG] cheese - admin
[2023-02-14T13:09:23.143] [DEBUG] cheese - null
[2023-02-14T13:09:23.144] [DEBUG] cheese - null
[2023-02-14T14:09:44.789] [DEBUG] cheese - login => username:admin,password:123456
[2023-02-14T14:09:44.790] [DEBUG] cheese - admin
[2023-02-14T14:09:44.819] [DEBUG] cheese - null
[2023-02-14T14:09:44.819] [DEBUG] cheese - null
[2023-02-14T16:26:58.071] [DEBUG] cheese - login => username:admin,password:123456
[2023-02-14T16:26:58.081] [DEBUG] cheese - admin
[2023-02-14T16:26:58.133] [DEBUG] cheese - null
[2023-02-14T16:26:58.134] [DEBUG] cheese - null
[2023-02-14T16:29:05.859] [DEBUG] cheese - login => username:admin,password:123456
[2023-02-14T16:29:05.861] [DEBUG] cheese - admin
[2023-02-14T16:29:05.877] [DEBUG] cheese - null
[2023-02-14T16:29:05.877] [DEBUG] cheese - null
[2023-02-14T18:21:33.375] [DEBUG] cheese - login => username:admin,password:123456
[2023-02-14T18:21:33.385] [DEBUG] cheese - admin
[2023-02-14T18:21:33.430] [DEBUG] cheese - null
[2023-02-14T18:21:33.431] [DEBUG] cheese - null
[2023-02-14T19:06:01.483] [DEBUG] cheese - login => username:admin,password:123456
[2023-02-14T19:06:01.484] [DEBUG] cheese - admin
[2023-02-14T19:06:01.500] [DEBUG] cheese - null
[2023-02-14T19:06:01.500] [DEBUG] cheese - null
[2023-02-14T23:27:22.102] [DEBUG] cheese - login => username:admin,password:123456
[2023-02-14T23:27:22.115] [DEBUG] cheese - admin
[2023-02-14T23:27:22.204] [DEBUG] cheese - null
[2023-02-14T23:27:22.204] [DEBUG] cheese - null
[2023-02-14T23:30:23.251] [DEBUG] cheese - login => username:admin,password:123456
[2023-02-14T23:30:23.252] [DEBUG] cheese - admin
[2023-02-14T23:30:23.320] [DEBUG] cheese - null
[2023-02-14T23:30:23.320] [DEBUG] cheese - null
[2023-02-15T14:40:16.792] [DEBUG] cheese - login => username:admin,password:123456
[2023-02-15T14:40:16.821] [DEBUG] cheese - admin
[2023-02-15T14:40:16.870] [DEBUG] cheese - null
[2023-02-15T14:40:16.875] [DEBUG] cheese - null
[2023-02-15T20:48:53.408] [DEBUG] cheese - login => username:admin,password:123456
[2023-02-15T20:48:53.424] [DEBUG] cheese - admin
[2023-02-15T20:48:53.430] [DEBUG] cheese - null
[2023-02-15T20:48:53.433] [DEBUG] cheese - null
[2023-02-16T11:43:52.175] [DEBUG] cheese - login => username:admin,password:123456
[2023-02-16T11:43:52.183] [DEBUG] cheese - admin
[2023-02-16T11:43:52.503] [DEBUG] cheese - null
[2023-02-16T11:43:52.504] [DEBUG] cheese - null
[2023-02-16T11:44:21.414] [DEBUG] cheese - login => username:admin,password:123456
[2023-02-16T11:44:21.414] [DEBUG] cheese - admin
[2023-02-16T11:44:21.418] [DEBUG] cheese - null
[2023-02-16T11:44:21.418] [DEBUG] cheese - null
[2023-02-16T19:31:29.050] [DEBUG] cheese - null
[2023-02-16T20:57:35.622] [DEBUG] cheese - null
[2023-02-16T20:59:35.770] [DEBUG] cheese - null
[2023-02-16T21:01:00.302] [DEBUG] cheese - null
[2023-02-16T21:02:20.193] [DEBUG] cheese - null
[2023-02-16T21:03:47.700] [DEBUG] cheese - null
[2023-02-16T21:04:51.735] [DEBUG] cheese - null
[2023-02-16T21:05:35.750] [DEBUG] cheese - null
[2023-02-17T00:42:14.599] [DEBUG] cheese - login => username:admin,password:123456
[2023-02-17T00:42:14.622] [DEBUG] cheese - admin
[2023-02-17T00:42:14.781] [DEBUG] cheese - null
[2023-02-17T00:42:14.783] [DEBUG] cheese - null
[2023-02-17T01:40:25.333] [DEBUG] cheese - null
[2023-02-17T12:00:57.769] [DEBUG] cheese - login => username:admin,password:123456
[2023-02-17T12:00:57.772] [DEBUG] cheese - admin
[2023-02-17T12:00:57.983] [DEBUG] cheese - null
[2023-02-17T12:00:57.983] [DEBUG] cheese - null
[2023-02-17T12:02:13.645] [DEBUG] cheese - login => username:admin,password:123456
[2023-02-17T12:02:13.646] [DEBUG] cheese - admin
[2023-02-17T12:02:13.663] [DEBUG] cheese - null
[2023-02-17T12:02:13.663] [DEBUG] cheese - null
[2023-02-17T18:12:59.212] [DEBUG] cheese - login => username:admin,password:123456
[2023-02-17T18:12:59.217] [DEBUG] cheese - admin
[2023-02-17T18:12:59.258] [DEBUG] cheese - null
[2023-02-17T18:12:59.260] [DEBUG] cheese - null
[2023-02-17T23:19:30.749] [DEBUG] cheese - null
[2023-02-17T23:39:11.570] [DEBUG] cheese - null
[2023-02-17T23:40:44.798] [DEBUG] cheese - null
[2023-02-17T23:45:09.387] [DEBUG] cheese - null
[2023-02-17T23:59:06.033] [DEBUG] cheese - login => username:admin,password:123456
[2023-02-17T23:59:06.038] [DEBUG] cheese - admin
[2023-02-17T23:59:06.049] [DEBUG] cheese - null
[2023-02-17T23:59:06.052] [DEBUG] cheese - null
[2023-02-18T15:07:51.879] [DEBUG] cheese - login => username:admin,password:123456
[2023-02-18T15:07:51.881] [DEBUG] cheese - admin
[2023-02-18T15:07:52.077] [DEBUG] cheese - null
[2023-02-18T15:07:52.078] [DEBUG] cheese - null
[2023-02-18T15:09:45.165] [DEBUG] cheese - login => username:admin,password:123456
[2023-02-18T15:09:45.165] [DEBUG] cheese - admin
[2023-02-18T15:09:45.171] [DEBUG] cheese - null
[2023-02-18T15:09:45.171] [DEBUG] cheese - null
[2023-02-18T16:13:08.056] [DEBUG] cheese - login => username:admin,password:123456
[2023-02-18T16:13:08.072] [DEBUG] cheese - admin
[2023-02-18T16:13:08.115] [DEBUG] cheese - null
[2023-02-18T16:13:08.119] [DEBUG] cheese - null
[2023-02-19T15:20:35.297] [DEBUG] cheese - login => username:admin,password:123456
[2023-02-19T15:20:35.300] [DEBUG] cheese - admin
[2023-02-19T15:20:35.472] [DEBUG] cheese - null
[2023-02-19T15:20:35.473] [DEBUG] cheese - null
[2023-02-19T15:21:36.005] [DEBUG] cheese - login => username:admin,password:123456
[2023-02-19T15:21:36.006] [DEBUG] cheese - admin
[2023-02-19T15:21:36.012] [DEBUG] cheese - null
[2023-02-19T15:21:36.013] [DEBUG] cheese - null
[2023-02-19T16:25:06.402] [DEBUG] cheese - login => username:admin,password:123456
[2023-02-19T16:25:06.425] [DEBUG] cheese - admin
[2023-02-19T16:25:06.989] [DEBUG] cheese - null
[2023-02-19T16:25:06.992] [DEBUG] cheese - null
[2023-02-19T18:35:37.903] [DEBUG] cheese - login => username:admin,password:123456
[2023-02-19T18:35:37.924] [DEBUG] cheese - admin
[2023-02-19T18:35:37.998] [DEBUG] cheese - null
[2023-02-19T18:35:38.001] [DEBUG] cheese - null
[2023-02-19T18:37:12.122] [DEBUG] cheese - login => username:admin,password:123456
[2023-02-19T18:37:12.123] [DEBUG] cheese - admin
[2023-02-19T18:37:12.128] [DEBUG] cheese - null
[2023-02-19T18:37:12.128] [DEBUG] cheese - null
[2023-02-19T18:42:15.758] [DEBUG] cheese - login => username:admin,password:123456
[2023-02-19T18:42:15.763] [DEBUG] cheese - admin
[2023-02-19T18:42:15.798] [DEBUG] cheese - null
[2023-02-19T18:42:15.799] [DEBUG] cheese - null
[2023-02-19T18:43:31.050] [DEBUG] cheese - login => username:admin,password:123456
[2023-02-19T18:43:31.086] [DEBUG] cheese - admin
[2023-02-19T18:43:31.092] [DEBUG] cheese - null
[2023-02-19T18:43:31.092] [DEBUG] cheese - null
[2023-02-19T18:57:05.076] [DEBUG] cheese - login => username:admin,password:123456
[2023-02-19T18:57:05.080] [DEBUG] cheese - admin
[2023-02-19T18:57:05.100] [DEBUG] cheese - null
[2023-02-19T18:57:05.100] [DEBUG] cheese - null
[2023-02-19T19:03:26.427] [DEBUG] cheese - login => username:admin,password:123456
[2023-02-19T19:03:26.432] [DEBUG] cheese - admin
[2023-02-19T19:03:26.445] [DEBUG] cheese - null
[2023-02-19T19:03:26.446] [DEBUG] cheese - null
[2023-02-19T19:14:02.069] [DEBUG] cheese - login => username:admin,password:123456
[2023-02-19T19:14:02.079] [DEBUG] cheese - admin
[2023-02-19T19:14:02.092] [DEBUG] cheese - null
[2023-02-19T19:14:02.092] [DEBUG] cheese - null
[2023-02-19T19:16:49.776] [DEBUG] cheese - login => username:admin,password:123456
[2023-02-19T19:16:49.777] [DEBUG] cheese - admin
[2023-02-19T19:16:49.795] [DEBUG] cheese - null
[2023-02-19T19:16:49.795] [DEBUG] cheese - null
[2023-02-19T19:17:12.247] [DEBUG] cheese - login => username:admin,password:123456
[2023-02-19T19:17:12.247] [DEBUG] cheese - admin
[2023-02-19T19:17:12.255] [DEBUG] cheese - null
[2023-02-19T19:17:12.255] [DEBUG] cheese - null
[2023-02-19T21:21:38.946] [DEBUG] cheese - login => username:admin,password:123456
[2023-02-19T21:21:38.956] [DEBUG] cheese - admin
[2023-02-19T21:21:39.026] [DEBUG] cheese - null
[2023-02-19T21:21:39.027] [DEBUG] cheese - null
[2023-02-19T21:22:10.498] [DEBUG] cheese - login => username:admin,password:123456
[2023-02-19T21:22:10.498] [DEBUG] cheese - admin
[2023-02-19T21:22:10.501] [DEBUG] cheese - null
[2023-02-19T21:22:10.502] [DEBUG] cheese - null
[2023-02-19T21:24:47.295] [DEBUG] cheese - login => username:admin,password:123456
[2023-02-19T21:24:47.298] [DEBUG] cheese - admin
[2023-02-19T21:24:47.303] [DEBUG] cheese - null
[2023-02-19T21:24:47.304] [DEBUG] cheese - null
[2023-02-19T21:26:10.813] [DEBUG] cheese - login => username:zs,password:123456
[2023-02-19T21:26:10.813] [DEBUG] cheese - zs
[2023-02-19T21:26:10.815] [DEBUG] cheese - null
[2023-02-19T21:26:10.815] [DEBUG] cheese - null
[2023-02-19T21:26:27.111] [DEBUG] cheese - login => username:admin,password:123456
[2023-02-19T21:26:27.111] [DEBUG] cheese - admin
[2023-02-19T21:26:27.120] [DEBUG] cheese - null
[2023-02-19T21:26:27.120] [DEBUG] cheese - null
[2023-02-19T21:27:30.492] [DEBUG] cheese - login => username:zs,password:123456
[2023-02-19T21:27:30.492] [DEBUG] cheese - zs
[2023-02-19T21:27:30.495] [DEBUG] cheese - null
[2023-02-19T21:27:30.495] [DEBUG] cheese - null
[2023-02-19T21:27:30.858] [DEBUG] cheese - null
[2023-02-19T21:27:30.872] [DEBUG] cheese - null
[2023-02-19T21:27:45.351] [DEBUG] cheese - null
[2023-02-19T21:27:45.354] [DEBUG] cheese - null
[2023-02-19T21:29:28.613] [DEBUG] cheese - login => username:admin,password:123456
[2023-02-19T21:29:28.614] [DEBUG] cheese - admin
[2023-02-19T21:29:28.618] [DEBUG] cheese - null
[2023-02-19T21:29:28.618] [DEBUG] cheese - null
[2023-02-19T21:31:20.862] [DEBUG] cheese - login => username:zs,password:123456
[2023-02-19T21:31:20.862] [DEBUG] cheese - zs
[2023-02-19T21:31:20.864] [DEBUG] cheese - null
[2023-02-19T21:31:20.865] [DEBUG] cheese - null
[2023-02-19T21:31:30.219] [DEBUG] cheese - null
[2023-02-19T21:31:30.224] [DEBUG] cheese - null
[2023-02-19T21:31:38.582] [DEBUG] cheese - null
[2023-02-19T21:31:38.589] [DEBUG] cheese - null
[2023-02-19T21:31:59.639] [DEBUG] cheese - null
[2023-02-19T21:31:59.643] [DEBUG] cheese - null
[2023-02-19T21:32:07.451] [DEBUG] cheese - null
[2023-02-19T21:32:07.459] [DEBUG] cheese - null
[2023-02-19T21:32:07.492] [DEBUG] cheese - null
[2023-02-19T21:32:07.495] [DEBUG] cheese - null
[2023-02-19T21:32:14.467] [DEBUG] cheese - null
[2023-02-19T21:32:14.472] [DEBUG] cheese - null
[2023-02-19T21:32:43.248] [DEBUG] cheese - login => username:admin,password:123456
[2023-02-19T21:32:43.248] [DEBUG] cheese - admin
[2023-02-19T21:32:43.254] [DEBUG] cheese - null
[2023-02-19T21:32:43.254] [DEBUG] cheese - null
[2023-03-02T13:29:21.680] [DEBUG] cheese - login => username:admin,password:123456
[2023-03-02T13:29:21.693] [DEBUG] cheese - admin
[2023-03-02T13:29:21.965] [DEBUG] cheese - null
[2023-03-02T13:29:21.968] [DEBUG] cheese - null
